<?xml version="1.0" encoding="UTF-8"?>
<testng-results skipped="0" failed="1" total="2" passed="1">
  <reporter-output>
  </reporter-output>
  <suite name="Default suite" duration-ms="43354" started-at="2017-12-13T03:27:29Z" finished-at="2017-12-13T03:28:13Z">
    <groups>
    </groups>
    <test name="Default test" duration-ms="43354" started-at="2017-12-13T03:27:29Z" finished-at="2017-12-13T03:28:13Z">
      <class name="test.DriverClass.Driverclass">
        <test-method status="PASS" signature="PreRequisite()[pri:0, instance:test.DriverClass.Driverclass@64bf3bbf]" name="PreRequisite" is-config="true" duration-ms="1467" started-at="2017-12-12T22:27:29Z" finished-at="2017-12-12T22:27:31Z">
          <reporter-output>
          </reporter-output>
        </test-method> <!-- PreRequisite -->
        <test-method status="PASS" signature="TestCase1()[pri:1, instance:test.DriverClass.Driverclass@64bf3bbf]" name="TestCase1" duration-ms="30754" started-at="2017-12-12T22:27:31Z" finished-at="2017-12-12T22:28:02Z">
          <reporter-output>
          </reporter-output>
        </test-method> <!-- TestCase1 -->
        <test-method status="PASS" signature="PreRequisite()[pri:0, instance:test.DriverClass.Driverclass@64bf3bbf]" name="PreRequisite" is-config="true" duration-ms="68" started-at="2017-12-12T22:28:02Z" finished-at="2017-12-12T22:28:02Z">
          <reporter-output>
          </reporter-output>
        </test-method> <!-- PreRequisite -->
        <test-method status="FAIL" signature="Testcase2()[pri:2, instance:test.DriverClass.Driverclass@64bf3bbf]" name="Testcase2" duration-ms="10992" started-at="2017-12-12T22:28:02Z" finished-at="2017-12-12T22:28:13Z">
          <exception class="java.lang.AssertionError">
            <message>
              <![CDATA[expected [true] but found [false]]]>
            </message>
            <full-stacktrace>
              <![CDATA[java.lang.AssertionError: expected [true] but found [false]
	at org.testng.Assert.fail(Assert.java:94)
	at org.testng.Assert.failNotEquals(Assert.java:513)
	at org.testng.Assert.assertTrue(Assert.java:42)
	at org.testng.Assert.assertTrue(Assert.java:52)
	at test.DriverClass.Driverclass.Testcase2(Driverclass.java:58)
	at sun.reflect.NativeMethodAccessorImpl.invoke0(Native Method)
	at sun.reflect.NativeMethodAccessorImpl.invoke(NativeMethodAccessorImpl.java:62)
	at sun.reflect.DelegatingMethodAccessorImpl.invoke(DelegatingMethodAccessorImpl.java:43)
	at java.lang.reflect.Method.invoke(Method.java:497)
	at org.testng.internal.MethodInvocationHelper.invokeMethod(MethodInvocationHelper.java:100)
	at org.testng.internal.Invoker.invokeMethod(Invoker.java:646)
	at org.testng.internal.Invoker.invokeTestMethod(Invoker.java:811)
	at org.testng.internal.Invoker.invokeTestMethods(Invoker.java:1129)
	at org.testng.internal.TestMethodWorker.invokeTestMethods(TestMethodWorker.java:129)
	at org.testng.internal.TestMethodWorker.run(TestMethodWorker.java:112)
	at org.testng.TestRunner.privateRun(TestRunner.java:746)
	at org.testng.TestRunner.run(TestRunner.java:600)
	at org.testng.SuiteRunner.runTest(SuiteRunner.java:366)
	at org.testng.SuiteRunner.runSequentially(SuiteRunner.java:361)
	at org.testng.SuiteRunner.privateRun(SuiteRunner.java:319)
	at org.testng.SuiteRunner.run(SuiteRunner.java:268)
	at org.testng.SuiteRunnerWorker.runSuite(SuiteRunnerWorker.java:52)
	at org.testng.SuiteRunnerWorker.run(SuiteRunnerWorker.java:86)
	at org.testng.TestNG.runSuitesSequentially(TestNG.java:1264)
	at org.testng.TestNG.runSuitesLocally(TestNG.java:1189)
	at org.testng.TestNG.runSuites(TestNG.java:1104)
	at org.testng.TestNG.run(TestNG.java:1076)
	at org.testng.remote.AbstractRemoteTestNG.run(AbstractRemoteTestNG.java:114)
	at org.testng.remote.RemoteTestNG.initAndRun(RemoteTestNG.java:251)
	at org.testng.remote.RemoteTestNG.main(RemoteTestNG.java:77)
]]>
            </full-stacktrace>
          </exception> <!-- java.lang.AssertionError -->
          <reporter-output>
          </reporter-output>
        </test-method> <!-- Testcase2 -->
      </class> <!-- test.DriverClass.Driverclass -->
    </test> <!-- Default test -->
  </suite> <!-- Default suite -->
</testng-results>
